Diagnose log at 2026-06-27T04:44:30Z

AppPath: C:\Program Files\Git\mingw64\bin\git-credential-manager.exe
InstallDir: C:\Program Files\Git\mingw64\bin\
Version: 2.7.3+5fa7116896c82164996a609accd1c5ad90fe730a

------------
Diagnostic: Environment
Skipped: False
Success: True
Exception: None
Log:
OSType: Windows
OSVersion: 10.0 (build 26100)
Reading environment variables... OK
 Variables:
SystemDrive=C:
ProgramFiles(x86)=C:\Program Files (x86)
MSYSTEM=MINGW64
ProgramW6432=C:\Program Files
PROCESSOR_IDENTIFIER=AMD64 Family 25 Model 124 Stepping 0, AuthenticAMD
TMP=C:\Users\sujan\AppData\Local\Temp
PROCESSOR_ARCHITECTURE=AMD64
DriverData=C:\Windows\System32\Drivers\DriverData
Path=C:/Program Files/Git/mingw64/libexec/git-core;C:\Program Files\Git\mingw64\bin;C:\Program Files\Git\usr\bin;C:\Users\sujan\bin;C:\Program Files\Common Files\Oracle\Java\javapath;C:\Windows\system32;C:\Windows;C:\Windows\System32\Wbem;C:\Windows\System32\WindowsPowerShell\v1.0\;C:\Windows\System32\OpenSSH\;C:\Program Files (x86)\NVIDIA Corporation\PhysX\Common;C:\Program Files\NVIDIA Corporation\NVIDIA App\NvDLISR;C:\Program Files\dotnet\;C:\Program Files\Java\jdk-21.0.11;C:\MinGW\bin;C:\Program Files\nodejs\;C:\Program Files\Git\cmd;C:\Users\sujan\AppData\Local\Microsoft\WindowsApps;C:\Users\sujan\AppData\Local\Programs\Microsoft VS Code\bin;C:\Users\sujan\AppData\Roaming\npm
WSLENV=WT_SESSION:WT_PROFILE_ID:
PROCESSOR_REVISION=7c00
TEMP=C:\Users\sujan\AppData\Local\Temp
USERPROFILE=C:\Users\sujan
LOGONSERVER=\\LAPTOP-TH90IRQN
TERM=xterm-256color
USERNAME=sujan
SystemRoot=C:\Windows
GIT_EXEC_PATH=C:/Program Files/Git/mingw64/libexec/git-core
PLINK_PROTOCOL=ssh
OneDrive=C:\Users\sujan\OneDrive
CommonProgramFiles=C:\Program Files\Common Files
ProgramData=C:\ProgramData
LC_CTYPE=C.UTF-8
RlsSvcPort=22112
HOMEPATH=\Users\sujan
WT_SESSION=47ab1357-6fc3-4bd1-b8e7-04cf251f00b7
OneDriveConsumer=C:\Users\sujan\OneDrive
COMPUTERNAME=LAPTOP-TH90IRQN
ALLUSERSPROFILE=C:\ProgramData
CommonProgramW6432=C:\Program Files\Common Files
WT_PROFILE_ID={61c54bbd-c2c6-5271-96e7-009a87ff44bf}
SESSIONNAME=Console
CommonProgramFiles(x86)=C:\Program Files (x86)\Common Files
HOMEDRIVE=C:
windir=C:\Windows
GIT_TRACE2_PARENT_SID=07150ef8-7ebd-42db-8ec9-cba201ce6031
NUMBER_OF_PROCESSORS=12
OS=Windows_NT
ProgramFiles=C:\Program Files
ComSpec=C:\Windows\system32\cmd.exe
PATHEXT=.COM;.EXE;.BAT;.CMD;.VBS;.VBE;.JS;.JSE;.WSF;.WSH;.MSC;.CPL
HOME=C:\Users\sujan
PSModulePath=C:\Users\sujan\OneDrive\Documents\WindowsPowerShell\Modules;C:\Program Files\WindowsPowerShell\Modules;C:\Windows\system32\WindowsPowerShell\v1.0\Modules
TMPDIR=C:\Users\sujan\AppData\Local\Temp
APPDATA=C:\Users\sujan\AppData\Roaming
USERDOMAIN=LAPTOP-TH90IRQN
PROCESSOR_LEVEL=25
LOCALAPPDATA=C:\Users\sujan\AppData\Local
USERDOMAIN_ROAMINGPROFILE=LAPTOP-TH90IRQN
COLORTERM=truecolor
PUBLIC=C:\Users\Public


------------
Diagnostic: File system
Skipped: False
Success: True
Exception: None
Log:
Temporary directory is 'C:\Users\sujan\AppData\Local\Temp\'...
Checking basic file I/O...
Writing to temporary file 'C:\Users\sujan\AppData\Local\Temp\2e1141b99d990225cdd65d2e'... OK
Reading from temporary file 'C:\Users\sujan\AppData\Local\Temp\2e1141b99d990225cdd65d2e'... OK
Deleting temporary file 'C:\Users\sujan\AppData\Local\Temp\2e1141b99d990225cdd65d2e'... OK
Testing IFileSystem instance...
UserHomePath: C:\Users\sujan
UserDataDirectoryPath: C:\Users\sujan\.gcm
GetCurrentDirectory(): C:\Users\sujan\inventory-management

------------
Diagnostic: Networking
Skipped: False
Success: True
Exception: None
Log:
Checking networking and HTTP stack...
Creating HTTP client... OK
IsNetworkAvailable: True
Sending HEAD request to http://example.com...Sending HEAD request to https://example.com... OK
 OK
Acquiring free TCP port... OK
Testing local HTTP loopback connections...
Creating new HTTP listener for http://localhost:58889/... OK
Waiting for loopback connection... OK
Writing response... OK
Waiting for response data... OK
Loopback connection data OK

------------
Diagnostic: Git
Skipped: False
Success: True
Exception: None
Log:
Getting Git version... OK
Git version is '2.54.0.windows.1'
Locating current repository...Git repository at 'C:/Users/sujan/inventory-management/.git'
 OK
Listing all Git configuration... OK
Git configuration:
file:C:/Program Files/Git/etc/gitconfig	diff.astextplain.textconv=astextplain
file:C:/Program Files/Git/etc/gitconfig	filter.lfs.clean=git-lfs clean -- %f
file:C:/Program Files/Git/etc/gitconfig	filter.lfs.smudge=git-lfs smudge -- %f
file:C:/Program Files/Git/etc/gitconfig	filter.lfs.process=git-lfs filter-process
file:C:/Program Files/Git/etc/gitconfig	filter.lfs.required=true
file:C:/Program Files/Git/etc/gitconfig	http.sslbackend=openssl
file:C:/Program Files/Git/etc/gitconfig	http.sslcainfo=C:/Program Files/Git/mingw64/etc/ssl/certs/ca-bundle.crt
file:C:/Program Files/Git/etc/gitconfig	core.autocrlf=true
file:C:/Program Files/Git/etc/gitconfig	core.fscache=true
file:C:/Program Files/Git/etc/gitconfig	core.symlinks=false
file:C:/Program Files/Git/etc/gitconfig	pull.rebase=false
file:C:/Program Files/Git/etc/gitconfig	credential.helper=manager
file:C:/Program Files/Git/etc/gitconfig	credential.https://dev.azure.com.usehttppath=true
file:C:/Program Files/Git/etc/gitconfig	init.defaultbranch=master
file:C:/Users/sujan/.gitconfig	user.name=SujanS10
file:C:/Users/sujan/.gitconfig	user.email=sujansrinivasan10@gmail.com
file:.git/config	core.repositoryformatversion=0
file:.git/config	core.filemode=false
file:.git/config	core.bare=false
file:.git/config	core.logallrefupdates=true
file:.git/config	core.symlinks=false
file:.git/config	core.ignorecase=true
file:.git/config	remote.origin.url=https://github.com/SujanS10/inventory-management.git
file:.git/config	remote.origin.fetch=+refs/heads/*:refs/remotes/origin/*


------------
Diagnostic: Credential storage
Skipped: False
Success: True
Exception: None
Log:
ICredentialStore instance is of type: CredentialStore
Writing test credential... OK
Reading test credential... OK
Deleting test credential... OK

------------
Diagnostic: Microsoft authentication (AAD/MSA)
Skipped: False
Success: True
Exception: None
Log:
Broker is not enabled.
Flow type is: Auto
Gathering MSAL token cache data... OK
CacheDirectory: C:\Users\sujan\AppData\Local\.IdentityService
CacheFileName: msal.cache
CacheFilePath: C:\Users\sujan\AppData\Local\.IdentityService\msal.cache
Creating cache helper... OK
Verifying MSAL token cache persistence... OK

------------
Diagnostic: GitHub API
Skipped: False
Success: True
Exception: None
Log:
Using 'https://github.com/' as API target.
Querying '/meta' endpoint... OK

